<?xml version="1.0" encoding="UTF-8"?>
<!-- Generated by org.testng.reporters.JUnitXMLReporter -->
<testsuite hostname="DESKTOP-KCVLOK6" failures="0" tests="3" name="CalculatorTestTestngSuite2" time="0.04" errors="0" timestamp="24 Mar 2022 17:51:08 GMT">
  <testcase classname="examplePackageForTestNg.CalculatorTest3" name="add0Test" time="0.004"/>
  <testcase classname="examplePackageForTestNg.CalculatorTest3" name="add1Test" time="0.004"/>
  <testcase classname="examplePackageForTestNg.CalculatorTest3" name="add2Test" time="0.003"/>
</testsuite> <!-- CalculatorTestTestngSuite2 -->
